160
4 441 2 4 9
4 423 30 37 39
4 420 42 43 49
4 369 51 53 57
4 333 58 62 63
4 286 67 68 74
4 252 75 77 82
4 197 83 84 85
4 196 87 88 94
4 190 96 98 102
4 97 103 110 118
4 93 122 125 126
4 35 127 130 131
4 28 133 134 135
4 482 326 137 140
4 300 165 142 143
4 47 33 145 146
4 12 330 150 157
4 454 315 161 167
4 421 306 168 169
4 322 299 171 173
4 279 21 176 178
4 256 14 179 183
4 1 492 184 191
4 414 352 194 202
4 358 212 205 206
4 334 154 209 211
4 189 319 215 216
4 86 17 220 222
4 7 462 223 224
4 495 410 227 228
4 484 158 229 232
4 443 240 238 239
4 337 451 241 243
4 301 266 246 248
4 213 156 250 253
4 182 120 255 257
4 170 141 73 260
4 72 64 11 262
4 486 111 265 270
4 475 155 463 272
4 452 376 275 281
4 448 350 52 287
4 434 0 329 290
4 371 264 310 291
4 298 221 166 293
4 261 210 38 296
4 234 113 5 297
4 108 433 472 303
4 48 473 498 305
4 499 430 405 308
4 455 439 236 309
4 445 277 219 312
4 419 15 429 313
4 409 387 356 396
4 385 288 360 314
4 367 181 218 316
4 324 199 388 317
4 320 193 249 318
4 311 20 19 321
3 292 208 71
3 273 258 115
3 271 175 345
3 231 437 459
3 187 147 474
3 61 447 412
3 60 438 159
3 34 431 362
3 497 407 449
3 467 424 403
3 444 400 348
3 442 397 302
3 427 394 6
3 422 294 230
3 399 353 375
3 392 278 235
3 391 283 90
3 384 192 117
3 364 139 10
3 351 188 177
3 336 180 31
3 328 242 123
3 276 91 99
3 268 149 121
3 263 3 225
3 214 55 163
3 203 201 105
3 162 65 18
3 89 23 13
3 24 8 461
3 494 490 460
3 468 450 411
3 453 432 395
3 446 401 372
3 425 347 339
3 390 378 325
3 379 373 341
3 377 363 269
3 365 332 282
3 361 295 245
3 359 285 274
3 307 289 244
3 304 284 280
3 267 259 217
3 254 251 237
3 247 233 226
3 207 204 198
3 200 186 160
3 195 185 174
3 172 164 152
3 153 151 138
3 148 144 132
3 136 129 119
3 128 124 101
3 116 112 95
3 114 109 100
3 107 104 79
3 106 92 81
3 80 78 70
3 76 69 54
2 66 56
2 59 50
2 46 45
2 44 27
2 41 40
2 36 29
2 32 26
2 25 22
2 16 496
2 493 491
2 489 488
2 487 485
2 483 481
2 480 478
2 479 477
2 476 471
2 470 469
2 466 465
2 464 458
2 457 456
2 440 436
2 435 428
2 426 418
2 417 416
2 415 413
2 408 406
2 404 402
2 398 393
2 389 386
2 383 382
2 381 380
2 374 370
2 368 366
2 357 355
2 354 349
2 346 343
2 344 342
2 340 338
2 335 331
2 327 323